#
# A fatal error has been detected by the Java Runtime Environment:
#
#  SIGSEGV (0xb) at pc=0xb6b6df2c, pid=4445, tid=0x6226fb40
#
# JRE version: OpenJDK Runtime Environment (8.0_121-b13) (build 1.8.0_121-8u121-b13-0ubuntu1.16.10.2-b13)
# Java VM: OpenJDK Server VM (25.121-b13 mixed mode linux-x86 )
# Problematic frame:
# V  [libjvm.so+0x534f2c]  jni_invoke_nonstatic(JNIEnv_*, JavaValue*, _jobject*, JNICallType, _jmethodID*, JNI_ArgumentPusher*, Thread*) [clone .constprop.70]+0x6c
#
# Failed to write core dump. Core dumps have been disabled. To enable core dumping, try "ulimit -c unlimited" before starting Java again
#
# If you would like to submit a bug report, please visit:
#   http://bugreport.java.com/bugreport/crash.jsp
#

---------------  T H R E A D  ---------------

Current thread (0x60faf000):  JavaThread "Thread-4" [_thread_in_vm, id=4533, stack(0x6221f000,0x62270000)]

siginfo: si_signo: 11 (SIGSEGV), si_code: 1 (SEGV_MAPERR), si_addr: 0x0000000a

Registers:
EAX=0x0000000a, EBX=0x91ead0e8, ECX=0x0000000e, EDX=0x0000000a
ESP=0x6226ec20, EBP=0x6226ed18, ESI=0x667038c0, EDI=0xb7151000
EIP=0xb6b6df2c, EFLAGS=0x00010246, CR2=0x0000000a

Top of Stack: (sp=0x6226ec20)
0x6226ec20:   60faf000 60f21158 60fbf240 60fbf254
0x6226ec30:   60faf12c 000000ec 6226ebe0 60faf000
0x6226ec40:   66901ff8 622d15e0 91ead0e8 00000000
0x6226ec50:   6226ed44 6226ed60 b7151000 60faf000
0x6226ec60:   b6b54639 b7151000 6690d7ec b7151000
0x6226ec70:   6226ed40 60faf000 6226eca8 b6b5465a
0x6226ec80:   6226edf4 6226ed40 6226ed68 60faf000
0x6226ec90:   60faf000 60faf000 b7151000 b7151000 

Instructions: (pc=0xb6b6df2c)
0xb6b6df0c:   84 97 03 00 00 8b 19 85 db 0f 84 8d 03 00 00 8b
0xb6b6df1c:   85 44 ff ff ff 8b 80 b4 00 00 00 e8 54 5c ff ff
0xb6b6df2c:   89 18 8b 3e 89 85 30 ff ff ff 8b 57 04 0f b7 42
0xb6b6df3c:   24 89 85 34 ff ff ff 8b 47 14 83 f8 f7 0f 8c 81 

Register to memory mapping:

EAX=0x0000000a is an unknown value
EBX=0x91ead0e8 is an oop
jpcap.packet.TCPPacket 
 - klass: 'jpcap/packet/TCPPacket'
ECX=0x0000000e is an unknown value
EDX=0x0000000a is an unknown value
ESP=0x6226ec20 is pointing into the stack for thread: 0x60faf000
EBP=0x6226ed18 is pointing into the stack for thread: 0x60faf000
ESI=0x667038c0 is an unknown value
EDI=0xb7151000: <offset 0xb18000> in /usr/lib/jvm/java-8-openjdk-i386/jre/lib/i386/server/libjvm.so at 0xb6639000


Stack: [0x6221f000,0x62270000],  sp=0x6226ec20,  free space=319k
Native frames: (J=compiled Java code, j=interpreted, Vv=VM code, C=native code)
V  [libjvm.so+0x534f2c]  jni_invoke_nonstatic(JNIEnv_*, JavaValue*, _jobject*, JNICallType, _jmethodID*, JNI_ArgumentPusher*, Thread*) [clone .constprop.70]+0x6c
V  [libjvm.so+0x537905]  jni_CallVoidMethod+0xe5
C  [libjpcap.so+0x8bb6]  analyze_ip+0x25a
C  [libjpcap.so+0x55a4]  get_packet+0x63a
C  [libjpcap.so+0x4850]  Java_jpcap_JpcapCaptor_getPacket+0x117
J 1591  jpcap.JpcapCaptor.getPacket()Ljpcap/packet/Packet; (0 bytes) @ 0xa75e9f24 [0xa75e9ea0+0x84]
j  network.monitoring.tool.Athread.run()V+49
j  java.lang.Thread.run()V+11
v  ~StubRoutines::call_stub
V  [libjvm.so+0x51c54d]  JavaCalls::call_helper(JavaValue*, methodHandle*, JavaCallArguments*, Thread*)+0xd3d
V  [libjvm.so+0x51a0d0]  JavaCalls::call_virtual(JavaValue*, KlassHandle, Symbol*, Symbol*, JavaCallArguments*, Thread*)+0x240
V  [libjvm.so+0x51a571]  JavaCalls::call_virtual(JavaValue*, Handle, KlassHandle, Symbol*, Symbol*, Thread*)+0x51
V  [libjvm.so+0x55778a]  thread_entry(JavaThread*, Thread*)+0x8a
V  [libjvm.so+0x883ffb]  JavaThread::thread_main_inner()+0x21b
V  [libjvm.so+0x8844ce]  JavaThread::run()+0x46e
V  [libjvm.so+0x740585]  java_start(Thread*)+0x105
C  [libpthread.so.0+0x62d5]  start_thread+0xe5
C  [libc.so.6+0xe947e]  clone+0x6e


---------------  P R O C E S S  ---------------

Java Threads: ( => current thread )
=>0x60faf000 JavaThread "Thread-4" [_thread_in_vm, id=4533, stack(0x6221f000,0x62270000)]
  0x6636d800 JavaThread "Thread-2" [_thread_in_native, id=4483, stack(0x62270000,0x622c1000)]
  0x66360000 JavaThread "TimerQueue" daemon [_thread_blocked, id=4470, stack(0x627c6000,0x62817000)]
  0xb6207800 JavaThread "DestroyJavaVM" [_thread_blocked, id=4448, stack(0xb63f4000,0xb6445000)]
  0x62a5c800 JavaThread "AWT-EventQueue-0" [_thread_blocked, id=4469, stack(0x62624000,0x62675000)]
  0x62a5b400 JavaThread "AWT-Shutdown" [_thread_blocked, id=4468, stack(0x62675000,0x626c6000)]
  0x62a12000 JavaThread "AWT-XAWT" daemon [_thread_in_native, id=4466, stack(0x62b1d000,0x62b6e000)]
  0x62ff5400 JavaThread "Java2D Disposer" daemon [_thread_blocked, id=4465, stack(0x62b6e000,0x62bbf000)]
  0x637aa000 JavaThread "Service Thread" daemon [_thread_blocked, id=4463, stack(0x630db000,0x6312c000)]
  0x637a6c00 JavaThread "C1 CompilerThread2" daemon [_thread_blocked, id=4462, stack(0x6312c000,0x631ad000)]
  0x637a5400 JavaThread "C2 CompilerThread1" daemon [_thread_blocked, id=4461, stack(0x631ad000,0x6322e000)]
  0x637a3800 JavaThread "C2 CompilerThread0" daemon [_thread_blocked, id=4460, stack(0x6322e000,0x632af000)]
  0x637a2000 JavaThread "Signal Dispatcher" daemon [_thread_blocked, id=4459, stack(0x632af000,0x63300000)]
  0x63788400 JavaThread "Finalizer" daemon [_thread_blocked, id=4458, stack(0x63814000,0x63865000)]
  0x63785800 JavaThread "Reference Handler" daemon [_thread_blocked, id=4457, stack(0x6642e000,0x6647f000)]

Other Threads:
  0x63780c00 VMThread [stack: 0x63865000,0x638e6000] [id=4454]
  0x637abc00 WatcherThread [stack: 0x6305a000,0x630db000] [id=4464]

VM state:not at safepoint (normal execution)

VM Mutex/Monitor currently owned by a thread: None

Heap:
 PSYoungGen      total 18432K, used 6230K [0x918c0000, 0x92e80000, 0xa6e00000)
  eden space 15104K, 40% used [0x918c0000,0x91eb99d0,0x92780000)
  from space 3328K, 3% used [0x92b40000,0x92b5c000,0x92e80000)
  to   space 3584K, 0% used [0x92780000,0x92780000,0x92b00000)
 ParOldGen       total 43776K, used 2425K [0x66e00000, 0x698c0000, 0x918c0000)
  object space 43776K, 5% used [0x66e00000,0x6705e460,0x698c0000)
 Metaspace       used 9325K, capacity 9528K, committed 9624K, reserved 10544K

Card table byte_map: [0x66bff000,0x66e00000] byte_map_base: 0x668c8000

Marking Bits: (ParMarkBitMap*) 0xb7176800
 Begin Bits: [0x64300000, 0x65300000)
 End Bits:   [0x65300000, 0x66300000)

Polling page: 0xb77d2000

CodeCache: size=245760Kb used=7202Kb max_used=8644Kb free=238557Kb
 bounds [0xa7200000, 0xa7a98000, 0xb6200000]
 total_blobs=2256 nmethods=1962 adapters=206
 compilation: enabled

Compilation events (10 events):
Event: 47.575 Thread 0x637a5400 2420   !   4       javax.swing.text.DefaultCaret$Handler::insertUpdate (417 bytes)
Event: 47.613 Thread 0x637a5400 nmethod 2420 0xa762ab48 code [0xa762ad80, 0xa762bb18]
Event: 48.880 Thread 0x637a3800 2421   !   4       javax.swing.text.DefaultCaret$Handler::removeUpdate (517 bytes)
Event: 48.919 Thread 0x637a3800 nmethod 2421 0xa7415a88 code [0xa7415ce0, 0xa7416b78]
Event: 49.785 Thread 0x637a6c00 2422       3       javax.swing.JComponent$$Lambda$12/26458181::run (8 bytes)
Event: 49.786 Thread 0x637a6c00 nmethod 2422 0xa753fd88 code [0xa753fec0, 0xa754014c]
Event: 54.024 Thread 0x637a6c00 2423       3       javax.swing.text.GapContent::shiftGapEndUp (71 bytes)
Event: 54.025 Thread 0x637a6c00 nmethod 2423 0xa735cc88 code [0xa735ce00, 0xa735d484]
Event: 54.025 Thread 0x637a6c00 2424       3       javax.swing.text.GapVector::shiftGapEndUp (6 bytes)
Event: 54.025 Thread 0x637a6c00 nmethod 2424 0xa7460c48 code [0xa7460d60, 0xa7460e40]

GC Heap History (10 events):
Event: 21.634 GC heap before
{Heap before GC invocations=5 (full 1):
 PSYoungGen      total 19200K, used 2472K [0x918c0000, 0x92e00000, 0xa6e00000)
  eden space 16640K, 0% used [0x918c0000,0x918c0000,0x92900000)
  from space 2560K, 96% used [0x92b80000,0x92dea370,0x92e00000)
  to   space 2560K, 0% used [0x92900000,0x92900000,0x92b80000)
 ParOldGen       total 43776K, used 20K [0x66e00000, 0x698c0000, 0x918c0000)
  object space 43776K, 0% used [0x66e00000,0x66e05000,0x698c0000)
 Metaspace       used 9294K, capacity 9496K, committed 9624K, reserved 10544K
Event: 21.673 GC heap after
Heap after GC invocations=5 (full 1):
 PSYoungGen      total 19200K, used 0K [0x918c0000, 0x92e00000, 0xa6e00000)
  eden space 16640K, 0% used [0x918c0000,0x918c0000,0x92900000)
  from space 2560K, 0% used [0x92b80000,0x92b80000,0x92e00000)
  to   space 2560K, 0% used [0x92900000,0x92900000,0x92b80000)
 ParOldGen       total 43776K, used 2417K [0x66e00000, 0x698c0000, 0x918c0000)
  object space 43776K, 5% used [0x66e00000,0x6705c460,0x698c0000)
 Metaspace       used 9294K, capacity 9496K, committed 9624K, reserved 10544K
}
Event: 26.507 GC heap before
{Heap before GC invocations=6 (full 1):
 PSYoungGen      total 19200K, used 16640K [0x918c0000, 0x92e00000, 0xa6e00000)
  eden space 16640K, 100% used [0x918c0000,0x92900000,0x92900000)
  from space 2560K, 0% used [0x92b80000,0x92b80000,0x92e00000)
  to   space 2560K, 0% used [0x92900000,0x92900000,0x92b80000)
 ParOldGen       total 43776K, used 2417K [0x66e00000, 0x698c0000, 0x918c0000)
  object space 43776K, 5% used [0x66e00000,0x6705c460,0x698c0000)
 Metaspace       used 9303K, capacity 9496K, committed 9624K, reserved 10544K
Event: 26.510 GC heap after
Heap after GC invocations=6 (full 1):
 PSYoungGen      total 19200K, used 80K [0x918c0000, 0x92e00000, 0xa6e00000)
  eden space 16640K, 0% used [0x918c0000,0x918c0000,0x92900000)
  from space 2560K, 3% used [0x92900000,0x92914000,0x92b80000)
  to   space 2560K, 0% used [0x92b80000,0x92b80000,0x92e00000)
 ParOldGen       total 43776K, used 2421K [0x66e00000, 0x698c0000, 0x918c0000)
  object space 43776K, 5% used [0x66e00000,0x6705d460,0x698c0000)
 Metaspace       used 9303K, capacity 9496K, committed 9624K, reserved 10544K
}
Event: 30.500 GC heap before
{Heap before GC invocations=7 (full 1):
 PSYoungGen      total 19200K, used 16720K [0x918c0000, 0x92e00000, 0xa6e00000)
  eden space 16640K, 100% used [0x918c0000,0x92900000,0x92900000)
  from space 2560K, 3% used [0x92900000,0x92914000,0x92b80000)
  to   space 2560K, 0% used [0x92b80000,0x92b80000,0x92e00000)
 ParOldGen       total 43776K, used 2421K [0x66e00000, 0x698c0000, 0x918c0000)
  object space 43776K, 5% used [0x66e00000,0x6705d460,0x698c0000)
 Metaspace       used 9307K, capacity 9496K, committed 9624K, reserved 10544K
Event: 30.501 GC heap after
Heap after GC invocations=7 (full 1):
 PSYoungGen      total 18176K, used 96K [0x918c0000, 0x92fc0000, 0xa6e00000)
  eden space 15616K, 0% used [0x918c0000,0x918c0000,0x92800000)
  from space 2560K, 3% used [0x92b80000,0x92b98000,0x92e00000)
  to   space 3584K, 0% used [0x92800000,0x92800000,0x92b80000)
 ParOldGen       total 43776K, used 2421K [0x66e00000, 0x698c0000, 0x918c0000)
  object space 43776K, 5% used [0x66e00000,0x6705d460,0x698c0000)
 Metaspace       used 9307K, capacity 9496K, committed 9624K, reserved 10544K
}
Event: 34.147 GC heap before
{Heap before GC invocations=8 (full 1):
 PSYoungGen      total 18176K, used 15712K [0x918c0000, 0x92fc0000, 0xa6e00000)
  eden space 15616K, 100% used [0x918c0000,0x92800000,0x92800000)
  from space 2560K, 3% used [0x92b80000,0x92b98000,0x92e00000)
  to   space 3584K, 0% used [0x92800000,0x92800000,0x92b80000)
 ParOldGen       total 43776K, used 2421K [0x66e00000, 0x698c0000, 0x918c0000)
  object space 43776K, 5% used [0x66e00000,0x6705d460,0x698c0000)
 Metaspace       used 9318K, capacity 9528K, committed 9624K, reserved 10544K
Event: 34.154 GC heap after
Heap after GC invocations=8 (full 1):
 PSYoungGen      total 15616K, used 128K [0x918c0000, 0x92ec0000, 0xa6e00000)
  eden space 15360K, 0% used [0x918c0000,0x918c0000,0x927c0000)
  from space 256K, 50% used [0x92800000,0x92820000,0x92840000)
  to   space 3584K, 0% used [0x92b40000,0x92b40000,0x92ec0000)
 ParOldGen       total 43776K, used 2421K [0x66e00000, 0x698c0000, 0x918c0000)
  object space 43776K, 5% used [0x66e00000,0x6705d460,0x698c0000)
 Metaspace       used 9318K, capacity 9528K, committed 9624K, reserved 10544K
}
Event: 46.697 GC heap before
{Heap before GC invocations=9 (full 1):
 PSYoungGen      total 15616K, used 15488K [0x918c0000, 0x92ec0000, 0xa6e00000)
  eden space 15360K, 100% used [0x918c0000,0x927c0000,0x927c0000)
  from space 256K, 50% used [0x92800000,0x92820000,0x92840000)
  to   space 3584K, 0% used [0x92b40000,0x92b40000,0x92ec0000)
 ParOldGen       total 43776K, used 2421K [0x66e00000, 0x698c0000, 0x918c0000)
  object space 43776K, 5% used [0x66e00000,0x6705d460,0x698c0000)
 Metaspace       used 9324K, capacity 9528K, committed 9624K, reserved 10544K
Event: 46.698 GC heap after
Heap after GC invocations=9 (full 1):
 PSYoungGen      total 18432K, used 112K [0x918c0000, 0x92e80000, 0xa6e00000)
  eden space 15104K, 0% used [0x918c0000,0x918c0000,0x92780000)
  from space 3328K, 3% used [0x92b40000,0x92b5c000,0x92e80000)
  to   space 3584K, 0% used [0x92780000,0x92780000,0x92b00000)
 ParOldGen       total 43776K, used 2425K [0x66e00000, 0x698c0000, 0x918c0000)
  object space 43776K, 5% used [0x66e00000,0x6705e460,0x698c0000)
 Metaspace       used 9324K, capacity 9528K, committed 9624K, reserved 10544K
}

Deoptimization events (10 events):
Event: 28.416 Thread 0x60faf000 Uncommon trap: reason=unstable_if action=reinterpret pc=0xa7675478 method=javax.swing.text.AbstractDocument$BranchElement.getElementIndex(I)I @ 178
Event: 33.182 Thread 0x62a5c800 Uncommon trap: reason=unstable_if action=reinterpret pc=0xa774367c method=sun.awt.X11.XFramePeer.isTargetUndecorated()Z @ 4
Event: 33.725 Thread 0x62a5c800 Uncommon trap: reason=unstable_if action=reinterpret pc=0xa79ee17c method=java.awt.EventDispatchThread.pumpOneEventForFilters(I)V @ 132
Event: 34.706 Thread 0x62a5c800 Uncommon trap: reason=unstable_if action=reinterpret pc=0xa7a8287c method=java.awt.Container.findComponentAt(IIZ)Ljava/awt/Component; @ 12
Event: 36.066 Thread 0x62a5c800 Uncommon trap: reason=unstable_if action=reinterpret pc=0xa77e8a60 method=java.awt.Container.findComponentAt(IIZ)Ljava/awt/Component; @ 12
Event: 36.074 Thread 0x60faf000 Uncommon trap: reason=unstable_if action=reinterpret pc=0xa7917bd0 method=javax.swing.RepaintManager.addDirtyRegion0(Ljava/awt/Container;IIII)V @ 69
Event: 37.237 Thread 0x60faf000 Uncommon trap: reason=unstable_if action=reinterpret pc=0xa79e0fb0 method=java.util.concurrent.locks.AbstractQueuedSynchronizer.unparkSuccessor(Ljava/util/concurrent/locks/AbstractQueuedSynchronizer$Node;)V @ 22
Event: 38.463 Thread 0x60faf000 Uncommon trap: reason=unstable_if action=reinterpret pc=0xa7a09218 method=java.util.concurrent.locks.AbstractQueuedSynchronizer.unparkSuccessor(Ljava/util/concurrent/locks/AbstractQueuedSynchronizer$Node;)V @ 22
Event: 40.688 Thread 0x6636d800 Uncommon trap: reason=unstable_if action=reinterpret pc=0xa788542c method=javax.swing.RepaintManager.addDirtyRegion0(Ljava/awt/Container;IIII)V @ 69
Event: 49.681 Thread 0x62a5c800 Uncommon trap: reason=unstable_if action=reinterpret pc=0xa7a63a6c method=java.util.concurrent.locks.AbstractQueuedSynchronizer.unparkSuccessor(Ljava/util/concurrent/locks/AbstractQueuedSynchronizer$Node;)V @ 6

Internal exceptions (10 events):
Event: 2.531 Thread 0x62a5c800 Exception <a 'java/lang/UnsupportedOperationException': > (0x91ee0f90) thrown at [/build/openjdk-8-db6Ji1/openjdk-8-8u121-b13/src/hotspot/src/share/vm/prims/jni.cpp, line 735]
Event: 11.345 Thread 0x6636d800 Implicit null exception at 0xa75d6c59 to 0xa75da725
Event: 11.349 Thread 0x62a5c800 Implicit null exception at 0xa75e8bb0 to 0xa75e8ce9
Event: 17.157 Thread 0x62a5c800 Implicit null exception at 0xa77e25a5 to 0xa77e262d
Event: 17.208 Thread 0x62a5c800 Implicit null exception at 0xa75e885c to 0xa75e88a1
Event: 17.229 Thread 0x62a5c800 Exception <a 'java/lang/UnsupportedOperationException': > (0x9257c1f8) thrown at [/build/openjdk-8-db6Ji1/openjdk-8-8u121-b13/src/hotspot/src/share/vm/prims/jni.cpp, line 735]
Event: 33.182 Thread 0x62a5c800 Implicit null exception at 0xa774365d to 0xa774366c
Event: 33.207 Thread 0x62a5c800 Exception <a 'java/lang/UnsupportedOperationException': > (0x923e8d10) thrown at [/build/openjdk-8-db6Ji1/openjdk-8-8u121-b13/src/hotspot/src/share/vm/prims/jni.cpp, line 735]
Event: 37.237 Thread 0x60faf000 Implicit null exception at 0xa79e0804 to 0xa79e0f85
Event: 38.463 Thread 0x60faf000 Implicit null exception at 0xa7a0899f to 0xa7a091ed

Events (10 events):
Event: 38.463 Thread 0x60faf000 DEOPT PACKING pc=0xa7a09218 sp=0x6226ee50
Event: 38.463 Thread 0x60faf000 DEOPT UNPACKING pc=0xa723abd5 sp=0x6226ed00 mode 2
Event: 40.688 Thread 0x6636d800 Uncommon trap: trap_request=0xffffff65 fr.pc=0xa788542c
Event: 40.688 Thread 0x6636d800 DEOPT PACKING pc=0xa788542c sp=0x622bfdf0
Event: 40.688 Thread 0x6636d800 DEOPT UNPACKING pc=0xa723abd5 sp=0x622bfcf0 mode 2
Event: 46.697 Executing VM operation: ParallelGCFailedAllocation
Event: 46.698 Executing VM operation: ParallelGCFailedAllocation done
Event: 49.681 Thread 0x62a5c800 Uncommon trap: trap_request=0xffffff65 fr.pc=0xa7a63a6c
Event: 49.681 Thread 0x62a5c800 DEOPT PACKING pc=0xa7a63a6c sp=0x62673490
Event: 49.681 Thread 0x62a5c800 DEOPT UNPACKING pc=0xa723abd5 sp=0x62673338 mode 2


Dynamic libraries:
08048000-08049000 r-xp 00000000 08:05 2367666    /usr/lib/jvm/java-8-openjdk-i386/jre/bin/java
08049000-0804a000 r--p 00000000 08:05 2367666    /usr/lib/jvm/java-8-openjdk-i386/jre/bin/java
0804a000-0804b000 rw-p 00001000 08:05 2367666    /usr/lib/jvm/java-8-openjdk-i386/jre/bin/java
08f5e000-08ff2000 rw-p 00000000 00:00 0          [heap]
5fc76000-5fe00000 rw-p 00000000 00:00 0 
5fe00000-5fe30000 rw-p 00000000 00:00 0 
5fe30000-5ff00000 ---p 00000000 00:00 0 
60000000-60200000 rw-s 00000000 00:08 84086      socket:[84086]
60200000-60400000 rw-p 00000000 00:00 0 
60400000-60562000 rw-p 00000000 00:00 0 
60562000-60600000 ---p 00000000 00:00 0 
60600000-60800000 rw-p 00000000 00:00 0 
60800000-608f8000 rw-p 00000000 00:00 0 
608f8000-60900000 ---p 00000000 00:00 0 
60a00000-60af9000 rw-p 00000000 00:00 0 
60af9000-60b00000 ---p 00000000 00:00 0 
60b00000-60c00000 rw-p 00000000 00:00 0 
60c00000-60cf3000 rw-p 00000000 00:00 0 
60cf3000-60d00000 ---p 00000000 00:00 0 
60d00000-60dd2000 rw-p 00000000 00:00 0 
60dd2000-60e00000 ---p 00000000 00:00 0 
60f00000-60ffd000 rw-p 00000000 00:00 0 
60ffd000-61000000 ---p 00000000 00:00 0 
6104e000-61100000 rw-p 00000000 00:00 0 
61100000-611f8000 rw-p 00000000 00:00 0 
611f8000-61200000 ---p 00000000 00:00 0 
61200000-61300000 rw-p 00000000 00:00 0 
61300000-613f7000 rw-p 00000000 00:00 0 
613f7000-61400000 ---p 00000000 00:00 0 
61400000-614f9000 rw-p 00000000 00:00 0 
614f9000-61500000 ---p 00000000 00:00 0 
61500000-615fc000 rw-p 00000000 00:00 0 
615fc000-61600000 ---p 00000000 00:00 0 
61600000-61700000 rw-p 00000000 00:00 0 
61700000-617f8000 rw-p 00000000 00:00 0 
617f8000-61800000 ---p 00000000 00:00 0 
61800000-61820000 rw-p 00000000 00:00 0 
61820000-61900000 ---p 00000000 00:00 0 
61900000-619c6000 rw-p 00000000 00:00 0 
619c6000-61a00000 ---p 00000000 00:00 0 
61a00000-61aff000 rw-p 00000000 00:00 0 
61aff000-61b00000 ---p 00000000 00:00 0 
61b00000-61c00000 rw-p 00000000 00:00 0 
61c00000-61d00000 rw-p 00000000 00:00 0 
61d00000-61e00000 rw-p 00000000 00:00 0 
61e00000-61f00000 rw-p 00000000 00:00 0 
61f00000-62100000 rw-s 00000000 00:08 79660      socket:[79660]
62100000-621fb000 rw-p 00000000 00:00 0 
621fb000-62200000 ---p 00000000 00:00 0 
6221f000-62222000 ---p 00000000 00:00 0 
62222000-62270000 rw-p 00000000 00:00 0 
62270000-62273000 ---p 00000000 00:00 0 
62273000-623c1000 rw-p 00000000 00:00 0 
623c1000-62403000 r-xp 00000000 08:05 2235136    /usr/lib/i386-linux-gnu/libpcap.so.1.7.4
62403000-62404000 ---p 00042000 08:05 2235136    /usr/lib/i386-linux-gnu/libpcap.so.1.7.4
62404000-62405000 r--p 00042000 08:05 2235136    /usr/lib/i386-linux-gnu/libpcap.so.1.7.4
62405000-62406000 rw-p 00043000 08:05 2235136    /usr/lib/i386-linux-gnu/libpcap.so.1.7.4
62406000-62412000 r-xp 00000000 08:05 2235366    /usr/lib/libjpcap.so
62412000-62413000 rw-p 0000b000 08:05 2235366    /usr/lib/libjpcap.so
62413000-62524000 rw-p 00000000 00:00 0 
62524000-62624000 rw-p 00000000 00:00 0 
62624000-62627000 ---p 00000000 00:00 0 
62627000-62675000 rw-p 00000000 00:00 0 
62675000-62678000 ---p 00000000 00:00 0 
62678000-627c6000 rw-p 00000000 00:00 0 
627c6000-627c9000 ---p 00000000 00:00 0 
627c9000-62817000 rw-p 00000000 00:00 0 
62817000-6288e000 r-xp 00000000 08:05 1312362    /lib/i386-linux-gnu/libpcre.so.3.13.3
6288e000-6288f000 r--p 00076000 08:05 1312362    /lib/i386-linux-gnu/libpcre.so.3.13.3
6288f000-62890000 rw-p 00077000 08:05 1312362    /lib/i386-linux-gnu/libpcre.so.3.13.3
62890000-628b7000 r-xp 00000000 08:05 1312389    /lib/i386-linux-gnu/libselinux.so.1
628b7000-628b8000 r--p 00026000 08:05 1312389    /lib/i386-linux-gnu/libselinux.so.1
628b8000-628b9000 rw-p 00027000 08:05 1312389    /lib/i386-linux-gnu/libselinux.so.1
628b9000-628ba000 rw-p 00000000 00:00 0 
628ba000-628fd000 r-xp 00000000 08:05 1312210    /lib/i386-linux-gnu/libnss_resolve.so.2
628fd000-628ff000 r--p 00042000 08:05 1312210    /lib/i386-linux-gnu/libnss_resolve.so.2
628ff000-62900000 rw-p 00044000 08:05 1312210    /lib/i386-linux-gnu/libnss_resolve.so.2
62900000-62a00000 rw-p 00000000 00:00 0 
62a00000-62a9b000 rw-p 00000000 00:00 0 
62a9b000-62b00000 ---p 00000000 00:00 0 
62b1d000-62b20000 ---p 00000000 00:00 0 
62b20000-62b6e000 rw-p 00000000 00:00 0 
62b6e000-62b71000 ---p 00000000 00:00 0 
62b71000-62bbf000 rw-p 00000000 00:00 0 
62bbf000-62bf7000 r-xp 00000000 08:05 2235162    /usr/lib/i386-linux-gnu/libpng16.so.16.25.0
62bf7000-62bf8000 r--p 00037000 08:05 2235162    /usr/lib/i386-linux-gnu/libpng16.so.16.25.0
62bf8000-62bf9000 rw-p 00038000 08:05 2235162    /usr/lib/i386-linux-gnu/libpng16.so.16.25.0
62bf9000-62ca6000 r-xp 00000000 08:05 2234569    /usr/lib/i386-linux-gnu/libfreetype.so.6.12.3
62ca6000-62ca7000 ---p 000ad000 08:05 2234569    /usr/lib/i386-linux-gnu/libfreetype.so.6.12.3
62ca7000-62cab000 r--p 000ad000 08:05 2234569    /usr/lib/i386-linux-gnu/libfreetype.so.6.12.3
62cab000-62cac000 rw-p 000b1000 08:05 2234569    /usr/lib/i386-linux-gnu/libfreetype.so.6.12.3
62cac000-62cf9000 r-xp 00000000 08:05 2367711    /usr/lib/jvm/java-8-openjdk-i386/jre/lib/i386/libfontmanager.so
62cf9000-62cfa000 ---p 0004d000 08:05 2367711    /usr/lib/jvm/java-8-openjdk-i386/jre/lib/i386/libfontmanager.so
62cfa000-62cfb000 r--p 0004d000 08:05 2367711    /usr/lib/jvm/java-8-openjdk-i386/jre/lib/i386/libfontmanager.so
62cfb000-62cfc000 rw-p 0004e000 08:05 2367711    /usr/lib/jvm/java-8-openjdk-i386/jre/lib/i386/libfontmanager.so
62cfc000-62e42000 r-xp 00000000 08:05 2234116    /usr/lib/i386-linux-gnu/libX11.so.6.3.0
62e42000-62e43000 ---p 00146000 08:05 2234116    /usr/lib/i386-linux-gnu/libX11.so.6.3.0
62e43000-62e44000 r--p 00146000 08:05 2234116    /usr/lib/i386-linux-gnu/libX11.so.6.3.0
62e44000-62e46000 rw-p 00147000 08:05 2234116    /usr/lib/i386-linux-gnu/libX11.so.6.3.0
62e46000-62e47000 rw-p 00000000 00:00 0 
62e47000-62ed4000 r-xp 00000000 08:05 2367707    /usr/lib/jvm/java-8-openjdk-i386/jre/lib/i386/libawt.so
62ed4000-62ed5000 r--p 0008c000 08:05 2367707    /usr/lib/jvm/java-8-openjdk-i386/jre/lib/i386/libawt.so
62ed5000-62edc000 rw-p 0008d000 08:05 2367707    /usr/lib/jvm/java-8-openjdk-i386/jre/lib/i386/libawt.so
62edc000-62f00000 rw-p 00000000 00:00 0 
62f00000-62ff7000 rw-p 00000000 00:00 0 
62ff7000-63000000 ---p 00000000 00:00 0 
63005000-63056000 r-xp 00000000 08:05 2367709    /usr/lib/jvm/java-8-openjdk-i386/jre/lib/i386/libawt_xawt.so
63056000-63057000 r--p 00050000 08:05 2367709    /usr/lib/jvm/java-8-openjdk-i386/jre/lib/i386/libawt_xawt.so
63057000-63059000 rw-p 00051000 08:05 2367709    /usr/lib/jvm/java-8-openjdk-i386/jre/lib/i386/libawt_xawt.so
63059000-6305a000 rw-p 00000000 00:00 0 
6305a000-6305b000 ---p 00000000 00:00 0 
6305b000-630db000 rw-p 00000000 00:00 0 
630db000-630de000 ---p 00000000 00:00 0 
630de000-6312c000 rw-p 00000000 00:00 0 
6312c000-6312f000 ---p 00000000 00:00 0 
6312f000-631ad000 rw-p 00000000 00:00 0 
631ad000-631b0000 ---p 00000000 00:00 0 
631b0000-6322e000 rw-p 00000000 00:00 0 
6322e000-63231000 ---p 00000000 00:00 0 
63231000-632af000 rw-p 00000000 00:00 0 
632af000-632b2000 ---p 00000000 00:00 0 
632b2000-63300000 rw-p 00000000 00:00 0 
63300000-63500000 r--p 00000000 08:05 2235763    /usr/lib/locale/locale-archive
63500000-635fc000 rw-p 00000000 00:00 0 
635fc000-63600000 ---p 00000000 00:00 0 
63600000-63621000 rw-p 00000000 00:00 0 
63621000-63700000 ---p 00000000 00:00 0 
63700000-637f9000 rw-p 00000000 00:00 0 
637f9000-63800000 ---p 00000000 00:00 0 
63814000-63817000 ---p 00000000 00:00 0 
63817000-63865000 rw-p 00000000 00:00 0 
63865000-63866000 ---p 00000000 00:00 0 
63866000-638e6000 rw-p 00000000 00:00 0 
638e6000-63ab4000 r--s 03c06000 08:05 2367755    /usr/lib/jvm/java-8-openjdk-i386/jre/lib/rt.jar
63ab4000-63efa000 rw-p 00000000 00:00 0 
63efa000-63f00000 ---p 00000000 00:00 0 
63f00000-66300000 rw-p 00000000 00:00 0 
66300000-663f9000 rw-p 00000000 00:00 0 
663f9000-66400000 ---p 00000000 00:00 0 
6641b000-6642c000 r-xp 00000000 08:05 2367730    /usr/lib/jvm/java-8-openjdk-i386/jre/lib/i386/libnio.so
6642c000-6642d000 r--p 00010000 08:05 2367730    /usr/lib/jvm/java-8-openjdk-i386/jre/lib/i386/libnio.so
6642d000-6642e000 rw-p 00011000 08:05 2367730    /usr/lib/jvm/java-8-openjdk-i386/jre/lib/i386/libnio.so
6642e000-66431000 ---p 00000000 00:00 0 
66431000-6647f000 rw-p 00000000 00:00 0 
6647f000-66480000 ---p 00000000 00:00 0 
66480000-66500000 rw-p 00000000 00:00 0 
66500000-66600000 rw-p 00000000 00:00 0 
66601000-6660a000 r-xp 00000000 08:05 2234127    /usr/lib/i386-linux-gnu/libXcursor.so.1.0.2
6660a000-6660b000 r--p 00008000 08:05 2234127    /usr/lib/i386-linux-gnu/libXcursor.so.1.0.2
6660b000-6660c000 rw-p 00009000 08:05 2234127    /usr/lib/i386-linux-gnu/libXcursor.so.1.0.2
6660c000-66630000 r-xp 00000000 08:05 2235647    /usr/lib/i386-linux-gnu/libxcb.so.1.1.0
66630000-66631000 r--p 00023000 08:05 2235647    /usr/lib/i386-linux-gnu/libxcb.so.1.1.0
66631000-66632000 rw-p 00024000 08:05 2235647    /usr/lib/i386-linux-gnu/libxcb.so.1.1.0
66632000-6667f000 rw-p 00000000 00:00 0 
6667f000-66680000 ---p 00000000 00:00 0 
66680000-66700000 rw-p 00000000 00:00 0 
66700000-66721000 rw-p 00000000 00:00 0 
66721000-66800000 ---p 00000000 00:00 0 
6680c000-66822000 r-xp 00000000 08:05 2367729    /usr/lib/jvm/java-8-openjdk-i386/jre/lib/i386/libnet.so
66822000-66823000 r--p 00015000 08:05 2367729    /usr/lib/jvm/java-8-openjdk-i386/jre/lib/i386/libnet.so
66823000-66824000 rw-p 00016000 08:05 2367729    /usr/lib/jvm/java-8-openjdk-i386/jre/lib/i386/libnet.so
66824000-6687f000 rw-p 00000000 00:00 0 
6687f000-66880000 ---p 00000000 00:00 0 
66880000-66900000 rw-p 00000000 00:00 0 
66900000-66921000 rw-p 00000000 00:00 0 
66921000-66a00000 ---p 00000000 00:00 0 
66a00000-66a07000 r--s 00000000 08:05 2231853    /usr/lib/i386-linux-gnu/gconv/gconv-modules.cache
66a07000-66a0c000 r-xp 00000000 08:05 2234131    /usr/lib/i386-linux-gnu/libXdmcp.so.6.0.0
66a0c000-66a0d000 r--p 00004000 08:05 2234131    /usr/lib/i386-linux-gnu/libXdmcp.so.6.0.0
66a0d000-66a0e000 rw-p 00005000 08:05 2234131    /usr/lib/i386-linux-gnu/libXdmcp.so.6.0.0
66a0e000-66a1f000 r-xp 00000000 08:05 2234141    /usr/lib/i386-linux-gnu/libXi.so.6.1.0
66a1f000-66a20000 r--p 00010000 08:05 2234141    /usr/lib/i386-linux-gnu/libXi.so.6.1.0
66a20000-66a21000 rw-p 00011000 08:05 2234141    /usr/lib/i386-linux-gnu/libXi.so.6.1.0
66a21000-66a26000 r-xp 00000000 08:05 2234159    /usr/lib/i386-linux-gnu/libXtst.so.6.1.0
66a26000-66a27000 r--p 00004000 08:05 2234159    /usr/lib/i386-linux-gnu/libXtst.so.6.1.0
66a27000-66a28000 rw-p 00005000 08:05 2234159    /usr/lib/i386-linux-gnu/libXtst.so.6.1.0
66a28000-66a29000 ---p 00000000 00:00 0 
66a29000-66abf000 rw-p 00000000 00:00 0 
66abf000-66bff000 ---p 00000000 00:00 0 
66bff000-66c15000 rw-p 00000000 00:00 0 
66c15000-66d54000 ---p 00000000 00:00 0 
66d54000-66d60000 rw-p 00000000 00:00 0 
66d60000-66dff000 ---p 00000000 00:00 0 
66dff000-698c0000 rw-p 00000000 00:00 0 
698c0000-918c0000 ---p 00000000 00:00 0 
918c0000-92e80000 rw-p 00000000 00:00 0 
92e80000-a6e00000 ---p 00000000 00:00 0 
a6e01000-a6e03000 r-xp 00000000 08:05 2234120    /usr/lib/i386-linux-gnu/libXau.so.6.0.0
a6e03000-a6e04000 r--p 00001000 08:05 2234120    /usr/lib/i386-linux-gnu/libXau.so.6.0.0
a6e04000-a6e05000 rw-p 00002000 08:05 2234120    /usr/lib/i386-linux-gnu/libXau.so.6.0.0
a6e05000-a6e0f000 r-xp 00000000 08:05 2234153    /usr/lib/i386-linux-gnu/libXrender.so.1.3.0
a6e0f000-a6e10000 r--p 00009000 08:05 2234153    /usr/lib/i386-linux-gnu/libXrender.so.1.3.0
a6e10000-a6e11000 rw-p 0000a000 08:05 2234153    /usr/lib/i386-linux-gnu/libXrender.so.1.3.0
a6e11000-a6e24000 r-xp 00000000 08:05 2234133    /usr/lib/i386-linux-gnu/libXext.so.6.4.0
a6e24000-a6e25000 r--p 00012000 08:05 2234133    /usr/lib/i386-linux-gnu/libXext.so.6.4.0
a6e25000-a6e26000 rw-p 00013000 08:05 2234133    /usr/lib/i386-linux-gnu/libXext.so.6.4.0
a6e26000-a6e2b000 r-xp 00000000 08:05 2234135    /usr/lib/i386-linux-gnu/libXfixes.so.3.1.0
a6e2b000-a6e2c000 r--p 00004000 08:05 2234135    /usr/lib/i386-linux-gnu/libXfixes.so.3.1.0
a6e2c000-a6e2d000 rw-p 00005000 08:05 2234135    /usr/lib/i386-linux-gnu/libXfixes.so.3.1.0
a6e2d000-a6e40000 r--s 00346000 08:05 2367754    /usr/lib/jvm/java-8-openjdk-i386/jre/lib/resources.jar
a6e40000-a6e63000 rw-p 00000000 00:00 0 
a6e63000-a7200000 ---p 00000000 00:00 0 
a7200000-a7a98000 rwxp 00000000 00:00 0 
a7a98000-b6200000 ---p 00000000 00:00 0 
b6200000-b62fb000 rw-p 00000000 00:00 0 
b62fb000-b6300000 ---p 00000000 00:00 0 
b6302000-b6307000 r--s 002f9000 08:05 2367676    /usr/lib/jvm/java-8-openjdk-i386/jre/lib/charsets.jar
b6307000-b6308000 r--s 00004000 08:05 2235365    /usr/java/packages/lib/ext/jpcap.jar
b6308000-b630a000 r--s 00008000 08:05 2367691    /usr/lib/jvm/java-8-openjdk-i386/jre/lib/ext/sunec.jar
b630a000-b630f000 r--s 0003b000 08:05 2367692    /usr/lib/jvm/java-8-openjdk-i386/jre/lib/ext/sunjce_provider.jar
b630f000-b6310000 r--s 00010000 08:05 2367694    /usr/lib/jvm/java-8-openjdk-i386/jre/lib/ext/zipfs.jar
b6310000-b6314000 r--s 00037000 08:05 2367693    /usr/lib/jvm/java-8-openjdk-i386/jre/lib/ext/sunpkcs11.jar
b6314000-b632f000 r--s 001d6000 08:05 2367690    /usr/lib/jvm/java-8-openjdk-i386/jre/lib/ext/nashorn.jar
b632f000-b634a000 r--s 00394000 08:05 2367684    /usr/lib/jvm/java-8-openjdk-i386/jre/lib/ext/cldrdata.jar
b634a000-b6362000 rw-p 00000000 00:00 0 
b6362000-b636d000 r-xp 00000000 08:05 1310814    /lib/i386-linux-gnu/libnss_files-2.24.so
b636d000-b636e000 r--p 0000a000 08:05 1310814    /lib/i386-linux-gnu/libnss_files-2.24.so
b636e000-b636f000 rw-p 0000b000 08:05 1310814    /lib/i386-linux-gnu/libnss_files-2.24.so
b636f000-b6375000 rw-p 00000000 00:00 0 
b6375000-b6380000 r-xp 00000000 08:05 1310816    /lib/i386-linux-gnu/libnss_nis-2.24.so
b6380000-b6381000 r--p 0000a000 08:05 1310816    /lib/i386-linux-gnu/libnss_nis-2.24.so
b6381000-b6382000 rw-p 0000b000 08:05 1310816    /lib/i386-linux-gnu/libnss_nis-2.24.so
b6382000-b6399000 r-xp 00000000 08:05 1310811    /lib/i386-linux-gnu/libnsl-2.24.so
b6399000-b639a000 r--p 00016000 08:05 1310811    /lib/i386-linux-gnu/libnsl-2.24.so
b639a000-b639b000 rw-p 00017000 08:05 1310811    /lib/i386-linux-gnu/libnsl-2.24.so
b639b000-b639d000 rw-p 00000000 00:00 0 
b639d000-b63a5000 r-xp 00000000 08:05 1310812    /lib/i386-linux-gnu/libnss_compat-2.24.so
b63a5000-b63a6000 r--p 00007000 08:05 1310812    /lib/i386-linux-gnu/libnss_compat-2.24.so
b63a6000-b63a7000 rw-p 00008000 08:05 1310812    /lib/i386-linux-gnu/libnss_compat-2.24.so
b63a7000-b63b1000 r--s 00116000 08:05 2367688    /usr/lib/jvm/java-8-openjdk-i386/jre/lib/ext/localedata.jar
b63b1000-b63b2000 r--s 0000a000 08:05 2367687    /usr/lib/jvm/java-8-openjdk-i386/jre/lib/ext/jaccess.jar
b63b2000-b63b4000 r--s 00001000 08:05 2367685    /usr/lib/jvm/java-8-openjdk-i386/jre/lib/ext/dnsns.jar
b63b4000-b63b7000 r--s 0000f000 08:05 2367686    /usr/lib/jvm/java-8-openjdk-i386/jre/lib/ext/icedtea-sound.jar
b63b7000-b63bf000 r-xp 00000000 08:05 2367737    /usr/lib/jvm/java-8-openjdk-i386/jre/lib/i386/libzip.so
b63bf000-b63c0000 r--p 00007000 08:05 2367737    /usr/lib/jvm/java-8-openjdk-i386/jre/lib/i386/libzip.so
b63c0000-b63c1000 rw-p 00008000 08:05 2367737    /usr/lib/jvm/java-8-openjdk-i386/jre/lib/i386/libzip.so
b63c1000-b63e8000 r-xp 00000000 08:05 2367718    /usr/lib/jvm/java-8-openjdk-i386/jre/lib/i386/libjava.so
b63e8000-b63e9000 ---p 00027000 08:05 2367718    /usr/lib/jvm/java-8-openjdk-i386/jre/lib/i386/libjava.so
b63e9000-b63ea000 r--p 00027000 08:05 2367718    /usr/lib/jvm/java-8-openjdk-i386/jre/lib/i386/libjava.so
b63ea000-b63eb000 rw-p 00028000 08:05 2367718    /usr/lib/jvm/java-8-openjdk-i386/jre/lib/i386/libjava.so
b63eb000-b63f2000 r-xp 00000000 08:05 1312206    /lib/i386-linux-gnu/librt-2.24.so
b63f2000-b63f3000 r--p 00006000 08:05 1312206    /lib/i386-linux-gnu/librt-2.24.so
b63f3000-b63f4000 rw-p 00007000 08:05 1312206    /lib/i386-linux-gnu/librt-2.24.so
b63f4000-b63f7000 ---p 00000000 00:00 0 
b63f7000-b6445000 rw-p 00000000 00:00 0 
b6445000-b6461000 r-xp 00000000 08:05 1312276    /lib/i386-linux-gnu/libgcc_s.so.1
b6461000-b6462000 r--p 0001b000 08:05 1312276    /lib/i386-linux-gnu/libgcc_s.so.1
b6462000-b6463000 rw-p 0001c000 08:05 1312276    /lib/i386-linux-gnu/libgcc_s.so.1
b6463000-b64b6000 r-xp 00000000 08:05 1310809    /lib/i386-linux-gnu/libm-2.24.so
b64b6000-b64b7000 ---p 00053000 08:05 1310809    /lib/i386-linux-gnu/libm-2.24.so
b64b7000-b64b8000 r--p 00053000 08:05 1310809    /lib/i386-linux-gnu/libm-2.24.so
b64b8000-b64b9000 rw-p 00054000 08:05 1310809    /lib/i386-linux-gnu/libm-2.24.so
b64b9000-b662f000 r-xp 00000000 08:05 2235343    /usr/lib/i386-linux-gnu/libstdc++.so.6.0.22
b662f000-b6635000 r--p 00175000 08:05 2235343    /usr/lib/i386-linux-gnu/libstdc++.so.6.0.22
b6635000-b6636000 rw-p 0017b000 08:05 2235343    /usr/lib/i386-linux-gnu/libstdc++.so.6.0.22
b6636000-b6639000 rw-p 00000000 00:00 0 
b6639000-b710b000 r-xp 00000000 08:05 2367739    /usr/lib/jvm/java-8-openjdk-i386/jre/lib/i386/server/libjvm.so
b710b000-b710c000 ---p 00ad2000 08:05 2367739    /usr/lib/jvm/java-8-openjdk-i386/jre/lib/i386/server/libjvm.so
b710c000-b7151000 r--p 00ad2000 08:05 2367739    /usr/lib/jvm/java-8-openjdk-i386/jre/lib/i386/server/libjvm.so
b7151000-b7168000 rw-p 00b17000 08:05 2367739    /usr/lib/jvm/java-8-openjdk-i386/jre/lib/i386/server/libjvm.so
b7168000-b7589000 rw-p 00000000 00:00 0 
b7589000-b75a2000 r-xp 00000000 08:05 1310819    /lib/i386-linux-gnu/libpthread-2.24.so
b75a2000-b75a3000 r--p 00018000 08:05 1310819    /lib/i386-linux-gnu/libpthread-2.24.so
b75a3000-b75a4000 rw-p 00019000 08:05 1310819    /lib/i386-linux-gnu/libpthread-2.24.so
b75a4000-b75a6000 rw-p 00000000 00:00 0 
b75a6000-b75a9000 r-xp 00000000 08:05 1310808    /lib/i386-linux-gnu/libdl-2.24.so
b75a9000-b75aa000 r--p 00002000 08:05 1310808    /lib/i386-linux-gnu/libdl-2.24.so
b75aa000-b75ab000 rw-p 00003000 08:05 1310808    /lib/i386-linux-gnu/libdl-2.24.so
b75ab000-b75c4000 r-xp 00000000 08:05 1312418    /lib/i386-linux-gnu/libz.so.1.2.8
b75c4000-b75c5000 r--p 00018000 08:05 1312418    /lib/i386-linux-gnu/libz.so.1.2.8
b75c5000-b75c6000 rw-p 00019000 08:05 1312418    /lib/i386-linux-gnu/libz.so.1.2.8
b75c6000-b7779000 r-xp 00000000 08:05 1310805    /lib/i386-linux-gnu/libc-2.24.so
b7779000-b777a000 ---p 001b3000 08:05 1310805    /lib/i386-linux-gnu/libc-2.24.so
b777a000-b777c000 r--p 001b3000 08:05 1310805    /lib/i386-linux-gnu/libc-2.24.so
b777c000-b777d000 rw-p 001b5000 08:05 1310805    /lib/i386-linux-gnu/libc-2.24.so
b777d000-b7780000 rw-p 00000000 00:00 0 
b7780000-b7781000 r--p 002d0000 08:05 2235763    /usr/lib/locale/locale-archive
b7781000-b7789000 rw-s 00000000 08:05 1179697    /tmp/hsperfdata_root/4445
b7789000-b778a000 rw-p 00000000 00:00 0 
b778a000-b7798000 r-xp 00000000 08:05 2367736    /usr/lib/jvm/java-8-openjdk-i386/jre/lib/i386/libverify.so
b7798000-b7799000 r--p 0000d000 08:05 2367736    /usr/lib/jvm/java-8-openjdk-i386/jre/lib/i386/libverify.so
b7799000-b779a000 rw-p 0000e000 08:05 2367736    /usr/lib/jvm/java-8-openjdk-i386/jre/lib/i386/libverify.so
b779a000-b77a7000 r-xp 00000000 08:05 2367702    /usr/lib/jvm/java-8-openjdk-i386/jre/lib/i386/jli/libjli.so
b77a7000-b77a8000 r--p 0000c000 08:05 2367702    /usr/lib/jvm/java-8-openjdk-i386/jre/lib/i386/jli/libjli.so
b77a8000-b77a9000 rw-p 0000d000 08:05 2367702    /usr/lib/jvm/java-8-openjdk-i386/jre/lib/i386/jli/libjli.so
b77a9000-b77ac000 rw-p 00000000 00:00 0 
b77ac000-b77ae000 r--p 00000000 00:00 0          [vvar]
b77ae000-b77b0000 r-xp 00000000 00:00 0          [vdso]
b77b0000-b77d2000 r-xp 00000000 08:05 1310726    /lib/i386-linux-gnu/ld-2.24.so
b77d2000-b77d3000 r--p 00000000 00:00 0 
b77d3000-b77d4000 r--p 00022000 08:05 1310726    /lib/i386-linux-gnu/ld-2.24.so
b77d4000-b77d5000 rw-p 00023000 08:05 1310726    /lib/i386-linux-gnu/ld-2.24.so
bfbf5000-bfbf6000 rwxp 00000000 00:00 0 
bfc28000-bfc49000 rw-p 00000000 00:00 0          [stack]

VM Arguments:
jvm_args: -Dfile.encoding=UTF-8 
java_command: network.monitoring.tool.NetworkMonitoringTool
java_class_path (initial): /home/sudip/NetBeansProjects/Network Monitoring Tool/build/classes
Launcher Type: SUN_STANDARD

Environment Variables:
PATH=/usr/local/sbin:/usr/local/bin:/usr/sbin:/usr/bin:/sbin:/bin:/snap/bin
USERNAME=root
LD_LIBRARY_PATH=/usr/lib/jvm/java-8-openjdk-i386/bin/../jre/lib/amd64:/usr/lib/jvm/java-8-openjdk-i386/bin/../jre/lib/i386:
SHELL=/bin/bash
DISPLAY=:0

Signal Handlers:
SIGSEGV: [libjvm.so+0x8d9bd0], sa_mask[0]=11111111011111111101111111111110, sa_flags=SA_RESTART|SA_SIGINFO
SIGBUS: [libjvm.so+0x8d9bd0], sa_mask[0]=11111111011111111101111111111110, sa_flags=SA_RESTART|SA_SIGINFO
SIGFPE: [libjvm.so+0x73e610], sa_mask[0]=11111111011111111101111111111110, sa_flags=SA_RESTART|SA_SIGINFO
SIGPIPE: [libjvm.so+0x73e610], sa_mask[0]=11111111011111111101111111111110, sa_flags=SA_RESTART|SA_SIGINFO
SIGXFSZ: [libjvm.so+0x73e610], sa_mask[0]=11111111011111111101111111111110, sa_flags=SA_RESTART|SA_SIGINFO
SIGILL: [libjvm.so+0x73e610], sa_mask[0]=11111111011111111101111111111110, sa_flags=SA_RESTART|SA_SIGINFO
SIGUSR1: SIG_DFL, sa_mask[0]=00000000000000000000000000000000, sa_flags=none
SIGUSR2: [libjvm.so+0x73e450], sa_mask[0]=00100000000000000000000000000000, sa_flags=SA_RESTART|SA_SIGINFO
SIGHUP: [libjvm.so+0x73eaa0], sa_mask[0]=11111111011111111101111111111110, sa_flags=SA_RESTART|SA_SIGINFO
SIGINT: SIG_IGN, sa_mask[0]=00000000000000000000000000000000, sa_flags=none
SIGTERM: [libjvm.so+0x73eaa0], sa_mask[0]=11111111011111111101111111111110, sa_flags=SA_RESTART|SA_SIGINFO
SIGQUIT: [libjvm.so+0x73eaa0], sa_mask[0]=11111111011111111101111111111110, sa_flags=SA_RESTART|SA_SIGINFO


---------------  S Y S T E M  ---------------

OS:DISTRIB_ID=Ubuntu
DISTRIB_RELEASE=16.10
DISTRIB_CODENAME=yakkety
DISTRIB_DESCRIPTION="Ubuntu 16.10"

uname:Linux 4.8.0-34-generic #36-Ubuntu SMP Wed Dec 21 17:27:47 UTC 2016 i686
libc:glibc 2.24 NPTL 2.24 
rlimit: STACK 8192k, CORE 0k, NPROC 62020, NOFILE 4096, AS infinity
load average:3.47 3.54 3.41

/proc/meminfo:
MemTotal:        7978828 kB
MemFree:         4834816 kB
MemAvailable:    5298820 kB
Buffers:           82716 kB
Cached:          1225588 kB
SwapCached:            0 kB
Active:          2052644 kB
Inactive:         927928 kB
Active(anon):    1674036 kB
Inactive(anon):   251100 kB
Active(file):     378608 kB
Inactive(file):   676828 kB
Unevictable:          80 kB
Mlocked:              80 kB
HighTotal:       7167848 kB
HighFree:        4214508 kB
LowTotal:         810980 kB
LowFree:          620308 kB
SwapTotal:      15998972 kB
SwapFree:       15998972 kB
Dirty:               152 kB
Writeback:             0 kB
AnonPages:       1590868 kB
Mapped:           464388 kB
Shmem:            252872 kB
Slab:              71680 kB
SReclaimable:      41204 kB
SUnreclaim:        30476 kB
KernelStack:        5232 kB
PageTables:        16752 kB
NFS_Unstable:          0 kB
Bounce:                0 kB
WritebackTmp:          0 kB
CommitLimit:    19988384 kB
Committed_AS:    6021360 kB
VmallocTotal:     122880 kB
VmallocUsed:           0 kB
VmallocChunk:          0 kB
AnonHugePages:    890880 kB
ShmemHugePages:        0 kB
ShmemPmdMapped:        0 kB
CmaTotal:              0 kB
CmaFree:               0 kB
HugePages_Total:       0
HugePages_Free:        0
HugePages_Rsvd:        0
HugePages_Surp:        0
Hugepagesize:       2048 kB
DirectMap4k:       57336 kB
DirectMap2M:      856064 kB


CPU:total 4 (2 cores per cpu, 2 threads per core) family 6 model 78 stepping 3, cmov, cx8, fxsr, mmx, sse, sse2, sse3, ssse3, sse4.1, sse4.2, popcnt, avx, avx2, aes, clmul, erms, rtm, 3dnowpref, lzcnt, ht, tsc, tscinvbit, bmi1, bmi2, adx

/proc/cpuinfo:
processor	: 0
vendor_id	: GenuineIntel
cpu family	: 6
model		: 78
model name	: Intel(R) Core(TM) i3-6100U CPU @ 2.30GHz
stepping	: 3
microcode	: 0x8a
cpu MHz		: 2300.000
cache size	: 3072 KB
physical id	: 0
siblings	: 4
core id		: 0
cpu cores	: 2
apicid		: 0
initial apicid	: 0
fdiv_bug	: no
f00f_bug	: no
coma_bug	: no
fpu		: yes
fpu_exception	: yes
cpuid level	: 22
wp		: yes
flags		: fpu vme de pse tsc msr pae mce cx8 apic sep mtrr pge mca cmov pat pse36 clflush dts acpi mmx fxsr sse sse2 ss ht tm pbe nx pdpe1gb rdtscp lm constant_tsc art arch_perfmon pebs bts xtopology nonstop_tsc aperfmperf eagerfpu pni pclmulqdq dtes64 monitor ds_cpl vmx est tm2 ssse3 sdbg fma cx16 xtpr pdcm pcid sse4_1 sse4_2 x2apic movbe popcnt tsc_deadline_timer aes xsave avx f16c rdrand lahf_lm abm 3dnowprefetch epb intel_pt tpr_shadow vnmi flexpriority ept vpid fsgsbase tsc_adjust bmi1 hle avx2 smep bmi2 erms invpcid rtm mpx rdseed adx smap clflushopt xsaveopt xsavec xgetbv1 xsaves dtherm ida arat pln pts hwp hwp_notify hwp_act_window hwp_epp
bugs		:
bogomips	: 4608.00
clflush size	: 64
cache_alignment	: 64
address sizes	: 39 bits physical, 48 bits virtual
power management:

processor	: 1
vendor_id	: GenuineIntel
cpu family	: 6
model		: 78
model name	: Intel(R) Core(TM) i3-6100U CPU @ 2.30GHz
stepping	: 3
microcode	: 0x8a
cpu MHz		: 2300.000
cache size	: 3072 KB
physical id	: 0
siblings	: 4
core id		: 1
cpu cores	: 2
apicid		: 2
initial apicid	: 2
fdiv_bug	: no
f00f_bug	: no
coma_bug	: no
fpu		: yes
fpu_exception	: yes
cpuid level	: 22
wp		: yes
flags		: fpu vme de pse tsc msr pae mce cx8 apic sep mtrr pge mca cmov pat pse36 clflush dts acpi mmx fxsr sse sse2 ss ht tm pbe nx pdpe1gb rdtscp lm constant_tsc art arch_perfmon pebs bts xtopology nonstop_tsc aperfmperf eagerfpu pni pclmulqdq dtes64 monitor ds_cpl vmx est tm2 ssse3 sdbg fma cx16 xtpr pdcm pcid sse4_1 sse4_2 x2apic movbe popcnt tsc_deadline_timer aes xsave avx f16c rdrand lahf_lm abm 3dnowprefetch epb intel_pt tpr_shadow vnmi flexpriority ept vpid fsgsbase tsc_adjust bmi1 hle avx2 smep bmi2 erms invpcid rtm mpx rdseed adx smap clflushopt xsaveopt xsavec xgetbv1 xsaves dtherm ida arat pln pts hwp hwp_notify hwp_act_window hwp_epp
bugs		:
bogomips	: 4608.00
clflush size	: 64
cache_alignment	: 64
address sizes	: 39 bits physical, 48 bits virtual
power management:

processor	: 2
vendor_id	: GenuineIntel
cpu family	: 6
model		: 78
model name	: Intel(R) Core(TM) i3-6100U CPU @ 2.30GHz
stepping	: 3
microcode	: 0x8a
cpu MHz		: 2300.000
cache size	: 3072 KB
physical id	: 0
siblings	: 4
core id		: 0
cpu cores	: 2
apicid		: 1
initial apicid	: 1
fdiv_bug	: no
f00f_bug	: no
coma_bug	: no
fpu		: yes
fpu_exception	: yes
cpuid level	: 22
wp		: yes
flags		: fpu vme de pse tsc msr pae mce cx8 apic sep mtrr pge mca cmov pat pse36 clflush dts acpi mmx fxsr sse sse2 ss ht tm pbe nx pdpe1gb rdtscp lm constant_tsc art arch_perfmon pebs bts xtopology nonstop_tsc aperfmperf eagerfpu pni pclmulqdq dtes64 monitor ds_cpl vmx est tm2 ssse3 sdbg fma cx16 xtpr pdcm pcid sse4_1 sse4_2 x2apic movbe popcnt tsc_deadline_timer aes xsave avx f16c rdrand lahf_lm abm 3dnowprefetch epb intel_pt tpr_shadow vnmi flexpriority ept vpid fsgsbase tsc_adjust bmi1 hle avx2 smep bmi2 erms invpcid rtm mpx rdseed adx smap clflushopt xsaveopt xsavec xgetbv1 xsaves dtherm ida arat pln pts hwp hwp_notify hwp_act_window hwp_epp
bugs		:
bogomips	: 4608.00
clflush size	: 64
cache_alignment	: 64
address sizes	: 39 bits physical, 48 bits virtual
power management:

processor	: 3
vendor_id	: GenuineIntel
cpu family	: 6
model		: 78
model name	: Intel(R) Core(TM) i3-6100U CPU @ 2.30GHz
stepping	: 3
microcode	: 0x8a
cpu MHz		: 2300.000
cache size	: 3072 KB
physical id	: 0
siblings	: 4
core id		: 1
cpu cores	: 2
apicid		: 3
initial apicid	: 3
fdiv_bug	: no
f00f_bug	: no
coma_bug	: no
fpu		: yes
fpu_exception	: yes
cpuid level	: 22
wp		: yes
flags		: fpu vme de pse tsc msr pae mce cx8 apic sep mtrr pge mca cmov pat pse36 clflush dts acpi mmx fxsr sse sse2 ss ht tm pbe nx pdpe1gb rdtscp lm constant_tsc art arch_perfmon pebs bts xtopology nonstop_tsc aperfmperf eagerfpu pni pclmulqdq dtes64 monitor ds_cpl vmx est tm2 ssse3 sdbg fma cx16 xtpr pdcm pcid sse4_1 sse4_2 x2apic movbe popcnt tsc_deadline_timer aes xsave avx f16c rdrand lahf_lm abm 3dnowprefetch epb intel_pt tpr_shadow vnmi flexpriority ept vpid fsgsbase tsc_adjust bmi1 hle avx2 smep bmi2 erms invpcid rtm mpx rdseed adx smap clflushopt xsaveopt xsavec xgetbv1 xsaves dtherm ida arat pln pts hwp hwp_notify hwp_act_window hwp_epp
bugs		:
bogomips	: 4608.00
clflush size	: 64
cache_alignment	: 64
address sizes	: 39 bits physical, 48 bits virtual
power management:



Memory: 4k page, physical 7978828k(4834816k free), swap 15998972k(15998972k free)

vm_info: OpenJDK Server VM (25.121-b13) for linux-x86 JRE (1.8.0_121-8u121-b13-0ubuntu1.16.10.2-b13), built on Jan 23 2017 11:22:24 by "buildd" with gcc 6.2.0 20161005

time: Fri Mar 17 16:07:50 2017
elapsed time: 57 seconds (0d 0h 0m 57s)

